<?xml version="1.0" ?>
<coverage line-rate="1.0" branch-rate="1.0" lines-covered="10" lines-valid="10" branches-covered="4" branches-valid="4" complexity="1" version="1.0" timestamp="1234567890">
    <packages>
        <package name="com.example" line-rate="1.0" branch-rate="1.0" complexity="1">
            <classes>
                <class name="PerfectClass" filename="src/PerfectClass.ts" line-rate="1.0" branch-rate="1.0" complexity="1">
                    <methods>
                        <method name="doSomething" signature="()V" line-rate="1.0" branch-rate="1.0">
                            <lines>
                                <line number="1" hits="10" branch="false"/>
                            </lines>
                        </method>
                        <method name="doAnother" signature="()V" line-rate="1.0" branch-rate="1.0">
                            <lines>
                                <line number="5" hits="5" branch="false"/>
                            </lines>
                        </method>
                    </methods>
                    <lines>
                        <line number="1" hits="10" branch="false"/>
                        <line number="5" hits="5" branch="false"/>
                    </lines>
                </class>
            </classes>
        </package>
    </packages>
</coverage>
