<?xml version="1.0" ?>
<coverage line-rate="0.90" branch-rate="0.80" lines-covered="18" lines-valid="20" branches-covered="8" branches-valid="10" complexity="2" version="1.0" timestamp="1234567891">
    <sources>
        <source>/home/user/project/src</source>
    </sources>
    <packages>
        <package name="com.parallel" line-rate="0.90" branch-rate="0.80" complexity="2">
            <classes>
                <class name="ParallelUtil" filename="src/ParallelUtil.ts" line-rate="0.90" branch-rate="0.80" complexity="2">
                    <methods>
                        <method name="transform" signature="(Ljava/lang/String;)Ljava/lang/String;" line-rate="1.0" branch-rate="1.0">
                            <lines>
                                <line number="10" hits="5" branch="false"/>
                            </lines>
                        </method>
                        <method name="validate" signature="(Ljava/lang/Object;)Z" line-rate="0.8" branch-rate="0.75">
                            <lines>
                                <line number="20" hits="3" branch="true" condition-coverage="75% (3/4)"/>
                            </lines>
                        </method>
                    </methods>
                    <lines>
                        <line number="10" hits="5" branch="false"/>
                        <line number="20" hits="3" branch="true" condition-coverage="75% (3/4)"/>
                    </lines>
                </class>
            </classes>
        </package>
    </packages>
</coverage>
