<?xml version="1.0" ?>
<!DOCTYPE coverage SYSTEM "http://cobertura.sourceforge.net/xml/coverage-04.dtd">
<coverage line-rate="0.75" branch-rate="0.60" lines-covered="15" lines-valid="20" branches-covered="6" branches-valid="10" complexity="5" version="1.0" timestamp="1234567890">
    <sources>
        <source>/home/user/project/src</source>
    </sources>
    <packages>
        <package name="com.example" line-rate="0.75" branch-rate="0.60" complexity="5">
            <classes>
                <class name="Calculator" filename="src/Calculator.ts" line-rate="0.80" branch-rate="0.70" complexity="3">
                    <methods>
                        <method name="add" signature="(II)I" line-rate="1.0" branch-rate="1.0">
                            <lines>
                                <line number="10" hits="5" branch="false"/>
                                <line number="11" hits="5" branch="false"/>
                            </lines>
                        </method>
                        <method name="subtract" signature="(II)I" line-rate="1.0" branch-rate="1.0">
                            <lines>
                                <line number="15" hits="3" branch="false"/>
                            </lines>
                        </method>
                        <method name="divide" signature="(II)I" line-rate="0.5" branch-rate="0.5">
                            <lines>
                                <line number="20" hits="2" branch="true" condition-coverage="50% (1/2)"/>
                                <line number="21" hits="0" branch="false"/>
                            </lines>
                        </method>
                        <method name="multiply" signature="(II)I" line-rate="0" branch-rate="0">
                            <lines>
                                <line number="25" hits="0" branch="false"/>
                            </lines>
                        </method>
                    </methods>
                    <lines>
                        <line number="10" hits="5" branch="false"/>
                        <line number="11" hits="5" branch="false"/>
                        <line number="15" hits="3" branch="false"/>
                        <line number="20" hits="2" branch="true" condition-coverage="50% (1/2)"/>
                        <line number="21" hits="0" branch="false"/>
                        <line number="25" hits="0" branch="false"/>
                    </lines>
                </class>
            </classes>
        </package>
    </packages>
</coverage>
