<?xml version="1.0" ?>
<!DOCTYPE coverage SYSTEM "http://cobertura.sourceforge.net/xml/coverage-04.dtd">
<coverage line-rate="0.75" branch-rate="0.60" lines-covered="15" lines-valid="20" branches-covered="6" branches-valid="10" complexity="5" version="1.0" timestamp="1234567890">
    <sources>
        <source>/home/user/project/src</source>
    </sources>
    <packages>
        <package name="com.example" line-rate="0.75" branch-rate="0.60" complexity="5">
            <classes>
                <class name="Calculator" filename="src/Calculator.ts" line-rate="0.75" branch-rate="0.60" complexity="4">
                    <methods>
                        <method name="add" signature="(II)I" line-rate="1.0" branch-rate="1.0">
                            <lines>
                                <line number="10" hits="5" branch="false"/>
                                <line number="11" hits="5" branch="false"/>
                                <line number="12" hits="5" branch="false"/>
                                <line number="13" hits="5" branch="false"/>
                                <line number="14" hits="5" branch="false"/>
                            </lines>
                        </method>
                        <method name="subtract" signature="(II)I" line-rate="1.0" branch-rate="1.0">
                            <lines>
                                <line number="18" hits="3" branch="false"/>
                                <line number="19" hits="3" branch="false"/>
                                <line number="20" hits="3" branch="false"/>
                                <line number="21" hits="3" branch="false"/>
                                <line number="22" hits="3" branch="false"/>
                            </lines>
                        </method>
                        <method name="multiply" signature="(II)I" line-rate="0" branch-rate="0">
                            <lines>
                                <line number="26" hits="0" branch="false"/>
                                <line number="27" hits="0" branch="false"/>
                                <line number="28" hits="0" branch="false"/>
                                <line number="29" hits="0" branch="false"/>
                                <line number="30" hits="0" branch="false"/>
                            </lines>
                        </method>
                        <method name="divide" signature="(II)I" line-rate="1.0" branch-rate="0.6">
                            <lines>
                                <line number="34" hits="2" branch="true" condition-coverage="50% (1/2)"/>
                                <line number="35" hits="2" branch="true" condition-coverage="100% (2/2)"/>
                                <line number="36" hits="2" branch="true" condition-coverage="50% (1/2)"/>
                                <line number="37" hits="2" branch="true" condition-coverage="50% (1/2)"/>
                                <line number="38" hits="2" branch="true" condition-coverage="50% (1/2)"/>
                            </lines>
                        </method>
                    </methods>
                    <lines>
                        <line number="10" hits="5" branch="false"/>
                        <line number="11" hits="5" branch="false"/>
                        <line number="12" hits="5" branch="false"/>
                        <line number="13" hits="5" branch="false"/>
                        <line number="14" hits="5" branch="false"/>
                        <line number="18" hits="3" branch="false"/>
                        <line number="19" hits="3" branch="false"/>
                        <line number="20" hits="3" branch="false"/>
                        <line number="21" hits="3" branch="false"/>
                        <line number="22" hits="3" branch="false"/>
                        <line number="26" hits="0" branch="false"/>
                        <line number="27" hits="0" branch="false"/>
                        <line number="28" hits="0" branch="false"/>
                        <line number="29" hits="0" branch="false"/>
                        <line number="30" hits="0" branch="false"/>
                        <line number="34" hits="2" branch="true" condition-coverage="50% (1/2)"/>
                        <line number="35" hits="2" branch="true" condition-coverage="100% (2/2)"/>
                        <line number="36" hits="2" branch="true" condition-coverage="50% (1/2)"/>
                        <line number="37" hits="2" branch="true" condition-coverage="50% (1/2)"/>
                        <line number="38" hits="2" branch="true" condition-coverage="50% (1/2)"/>
                    </lines>
                </class>
            </classes>
        </package>
    </packages>
</coverage>
