<?xml version="1.0" encoding="UTF-8"?>
<coverage generated="1744567891" phpunit="11.0.0">
  <project name="FullCoverageProject" timestamp="1744567891">
    <file name="/home/user/project/src/MathUtil.php">
      <class name="MathUtil" namespace="App">
        <metrics methods="2" coveredmethods="2" statements="10" coveredstatements="10" elements="12" coveredelements="12" conditionals="4" coveredconditionals="4"/>
      </class>
      <line num="5" type="method" name="add" count="10"/>
      <line num="7" type="stmt" count="10"/>
      <line num="8" type="stmt" count="10"/>
      <line num="9" type="stmt" count="10"/>
      <line num="10" type="stmt" count="10"/>
      <line num="11" type="stmt" count="10"/>
      <line num="15" type="method" name="square" count="5"/>
      <line num="17" type="stmt" count="5"/>
      <line num="18" type="stmt" count="5"/>
      <line num="19" type="stmt" count="5"/>
      <line num="20" type="stmt" count="5"/>
      <line num="21" type="stmt" count="5"/>
      <metrics loc="50" ncloc="40" classes="1" methods="2" coveredmethods="2" statements="10" coveredstatements="10" elements="12" coveredelements="12" conditionals="4" coveredconditionals="4"/>
    </file>
    <metrics files="1" loc="50" ncloc="40" classes="1" methods="2" coveredmethods="2" statements="10" coveredstatements="10" elements="12" coveredelements="12" conditionals="4" coveredconditionals="4"/>
  </project>
</coverage>
